08:48:36,728 DEBUG TabletPc:53 - click 10 checkboxes and add values to the string list - [Plark, Point of View, Prestigio, QUMO, Ritmix, Roadmax, RoverPad, Samsung, Sony, Starway]
08:48:36,728  INFO UtilsElements:29 - method start: splitElements(List<String> list
08:48:36,728 DEBUG UtilsElements:31 - create a new ArrayList<String>
08:48:36,728 DEBUG UtilsElements:36 - return a list of string - [Plark, Point, Prestigio, QUMO, Ritmix, Roadmax, RoverPad, Samsung, Sony, Starway]
08:48:36,728 DEBUG TabletPc:55 - split strings by UtilsElements.splitElements() - [Plark, Point, Prestigio, QUMO, Ritmix, Roadmax, RoverPad, Samsung, Sony, Starway]
08:48:36,728  INFO TabletPc:61 - method start: checkCompany()
08:48:36,791 DEBUG TabletPc:63 - search for a checkbox list of web elements on the left - [[[ChromeDriver: chrome on XP (297ca71c20f5123a44a0809c92b2b6d6)] -> xpath: //div[@id='schema-filter']/div[1]/div[3]/div[2]/ul//input], [[ChromeDriver: chrome on XP (297ca71c20f5123a44a0809c92b2b6d6)] -> xpath: //div[@id='schema-filter']/div[1]/div[3]/div[2]/ul//input], [[ChromeDriver: chrome on XP (297ca71c20f5123a44a0809c92b2b6d6)] -> xpath: //div[@id='schema-filter']/div[1]/div[3]/div[2]/ul//input], [[ChromeDriver: chrome on XP (297ca71c20f5123a44a0809c92b2b6d6)] -> xpath: //div[@id='schema-filter']/div[1]/div[3]/div[2]/ul//input], [[ChromeDriver: chrome on XP (297ca71c20f5123a44a0809c92b2b6d6)] -> xpath: //div[@id='schema-filter']/div[1]/div[3]/div[2]/ul//input], [[ChromeDriver: chrome on XP (297ca71c20f5123a44a0809c92b2b6d6)] -> xpath: //div[@id='schema-filter']/div[1]/div[3]/div[2]/ul//input], [[ChromeDriver: chrome on XP (297ca71c20f5123a44a0809c92b2b6d6)] -> xpath: //div[@id='schema-filter']/div[1]/div[3]/div[2]/ul//input], [[ChromeDriver: chrome on XP (297ca71c20f5123a44a0809c92b2b6d6)] -> xpath: //div[@id='schema-filter']/div[1]/div[3]/div[2]/ul//input], [[ChromeDriver: chrome on XP (297ca71c20f5123a44a0809c92b2b6d6)] -> xpath: //div[@id='schema-filter']/div[1]/div[3]/div[2]/ul//input], [[ChromeDriver: chrome on XP (297ca71c20f5123a44a0809c92b2b6d6)] -> xpath: //div[@id='schema-filter']/div[1]/div[3]/div[2]/ul//input], [[ChromeDriver: chrome on XP (297ca71c20f5123a44a0809c92b2b6d6)] -> xpath: //div[@id='schema-filter']/div[1]/div[3]/div[2]/ul//input], [[ChromeDriver: chrome on XP (297ca71c20f5123a44a0809c92b2b6d6)] -> xpath: //div[@id='schema-filter']/div[1]/div[3]/div[2]/ul//input], [[ChromeDriver: chrome on XP (297ca71c20f5123a44a0809c92b2b6d6)] -> xpath: //div[@id='schema-filter']/div[1]/div[3]/div[2]/ul//input], [[ChromeDriver: chrome on XP (297ca71c20f5123a44a0809c92b2b6d6)] -> xpath: //div[@id='schema-filter']/div[1]/div[3]/div[2]/ul//input], [[ChromeDriver: chrome on XP (297ca71c20f5123a44a0809c92b2b6d6)] -> xpath: //div[@id='schema-filter']/div[1]/div[3]/div[2]/ul//input], [[ChromeDriver: chrome on XP (297ca71c20f5123a44a0809c92b2b6d6)] -> xpath: //div[@id='schema-filter']/div[1]/div[3]/div[2]/ul//input], [[ChromeDriver: chrome on XP (297ca71c20f5123a44a0809c92b2b6d6)] -> xpath: //div[@id='schema-filter']/div[1]/div[3]/div[2]/ul//input], [[ChromeDriver: chrome on XP (297ca71c20f5123a44a0809c92b2b6d6)] -> xpath: //div[@id='schema-filter']/div[1]/div[3]/div[2]/ul//input]]
08:48:36,815 DEBUG TabletPc:65 - search for a value list of web elements on the left - [[[ChromeDriver: chrome on XP (297ca71c20f5123a44a0809c92b2b6d6)] -> xpath: //div[@id='schema-filter']/div[1]/div[3]/div[2]/ul//span[2]], [[ChromeDriver: chrome on XP (297ca71c20f5123a44a0809c92b2b6d6)] -> xpath: //div[@id='schema-filter']/div[1]/div[3]/div[2]/ul//span[2]], [[ChromeDriver: chrome on XP (297ca71c20f5123a44a0809c92b2b6d6)] -> xpath: //div[@id='schema-filter']/div[1]/div[3]/div[2]/ul//span[2]], [[ChromeDriver: chrome on XP (297ca71c20f5123a44a0809c92b2b6d6)] -> xpath: //div[@id='schema-filter']/div[1]/div[3]/div[2]/ul//span[2]], [[ChromeDriver: chrome on XP (297ca71c20f5123a44a0809c92b2b6d6)] -> xpath: //div[@id='schema-filter']/div[1]/div[3]/div[2]/ul//span[2]], [[ChromeDriver: chrome on XP (297ca71c20f5123a44a0809c92b2b6d6)] -> xpath: //div[@id='schema-filter']/div[1]/div[3]/div[2]/ul//span[2]], [[ChromeDriver: chrome on XP (297ca71c20f5123a44a0809c92b2b6d6)] -> xpath: //div[@id='schema-filter']/div[1]/div[3]/div[2]/ul//span[2]], [[ChromeDriver: chrome on XP (297ca71c20f5123a44a0809c92b2b6d6)] -> xpath: //div[@id='schema-filter']/div[1]/div[3]/div[2]/ul//span[2]], [[ChromeDriver: chrome on XP (297ca71c20f5123a44a0809c92b2b6d6)] -> xpath: //div[@id='schema-filter']/div[1]/div[3]/div[2]/ul//span[2]], [[ChromeDriver: chrome on XP (297ca71c20f5123a44a0809c92b2b6d6)] -> xpath: //div[@id='schema-filter']/div[1]/div[3]/div[2]/ul//span[2]], [[ChromeDriver: chrome on XP (297ca71c20f5123a44a0809c92b2b6d6)] -> xpath: //div[@id='schema-filter']/div[1]/div[3]/div[2]/ul//span[2]], [[ChromeDriver: chrome on XP (297ca71c20f5123a44a0809c92b2b6d6)] -> xpath: //div[@id='schema-filter']/div[1]/div[3]/div[2]/ul//span[2]], [[ChromeDriver: chrome on XP (297ca71c20f5123a44a0809c92b2b6d6)] -> xpath: //div[@id='schema-filter']/div[1]/div[3]/div[2]/ul//span[2]], [[ChromeDriver: chrome on XP (297ca71c20f5123a44a0809c92b2b6d6)] -> xpath: //div[@id='schema-filter']/div[1]/div[3]/div[2]/ul//span[2]], [[ChromeDriver: chrome on XP (297ca71c20f5123a44a0809c92b2b6d6)] -> xpath: //div[@id='schema-filter']/div[1]/div[3]/div[2]/ul//span[2]], [[ChromeDriver: chrome on XP (297ca71c20f5123a44a0809c92b2b6d6)] -> xpath: //div[@id='schema-filter']/div[1]/div[3]/div[2]/ul//span[2]], [[ChromeDriver: chrome on XP (297ca71c20f5123a44a0809c92b2b6d6)] -> xpath: //div[@id='schema-filter']/div[1]/div[3]/div[2]/ul//span[2]], [[ChromeDriver: chrome on XP (297ca71c20f5123a44a0809c92b2b6d6)] -> xpath: //div[@id='schema-filter']/div[1]/div[3]/div[2]/ul//span[2]]]
08:48:37,789 DEBUG TabletPc:72 - create a new ArrayList and fill it with values - [Samsung, Prestigio, Plark, Point of View, QUMO, Ritmix, Roadmax, RoverPad, Sony, Starway]
08:48:37,790  INFO UtilsElements:29 - method start: splitElements(List<String> list
08:48:37,790 DEBUG UtilsElements:31 - create a new ArrayList<String>
08:48:37,790 DEBUG UtilsElements:36 - return a list of string - [Samsung, Prestigio, Plark, Point, QUMO, Ritmix, Roadmax, RoverPad, Sony, Starway]
08:48:37,790 DEBUG TabletPc:74 - split strings by UtilsElements.splitElements()
08:48:37,790 DEBUG TabletPc:75 - return a list of companies - [Samsung, Prestigio, Plark, Point, QUMO, Ritmix, Roadmax, RoverPad, Sony, Starway]
08:48:44,642  INFO TvDiagonal:30 - view page - 'https://catalog.onliner.by/tv'
08:48:47,540  INFO TvDiagonal:36 - method start: clickQuestion()
08:48:47,540 DEBUG TvDiagonal:38 - find button 'mailButton' - By.xpath: //div[text()='Диагональ']/parent::div/parent::div/preceding-sibling::div
08:48:47,567 DEBUG TvDiagonal:41 - create new instance JavascriptExecutor and scroll down
08:48:47,568 DEBUG TvDiagonal:42 - click button 'mailButton'
08:48:47,705  INFO TvDiagonal:69 - method start: getText()
08:48:47,728 DEBUG TvDiagonal:71 - return text from web element
08:48:47,744  INFO TvDiagonal:62 - method start: getFontForText()
08:48:47,782 DEBUG TvDiagonal:64 - return css from web element - 700
08:48:56,032  INFO TvDiagonal:30 - view page - 'https://catalog.onliner.by/tv'
08:48:58,521  INFO TvDiagonal:36 - method start: clickQuestion()
08:48:58,521 DEBUG TvDiagonal:38 - find button 'mailButton' - By.xpath: //div[text()='Диагональ']/parent::div/parent::div/preceding-sibling::div
08:48:58,574 DEBUG TvDiagonal:41 - create new instance JavascriptExecutor and scroll down
08:48:58,574 DEBUG TvDiagonal:42 - click button 'mailButton'
08:48:58,675  INFO TvDiagonal:48 - method start: getHeading()
08:48:58,711 DEBUG TvDiagonal:50 - return text from web element
08:48:58,738  INFO TvDiagonal:55 - method start: getFontForHeading()
08:48:58,759 DEBUG TvDiagonal:57 - return css from web element - 700
